SF:lib/utils/shared_prefs.dart
DA:3,6
DA:11,2
DA:13,2
DA:14,4
DA:17,2
DA:18,4
DA:21,1
DA:22,2
DA:25,1
DA:26,2
DA:29,1
DA:30,2
DA:33,1
DA:34,2
DA:37,1
DA:38,2
DA:41,1
DA:42,2
LF:18
LH:18
end_of_record
SF:lib/animation/radein_route.dart
DA:7,0
DA:8,0
DA:9,0
DA:15,0
DA:21,0
DA:22,0
DA:23,0
LF:7
LH:0
end_of_record
SF:lib/api/api_client.dart
DA:32,1
DA:33,2
DA:34,1
LF:3
LH:3
end_of_record
SF:lib/api/api_client.g.dart
DA:12,1
DA:13,1
DA:21,1
DA:23,1
DA:24,1
DA:25,1
DA:26,3
DA:27,1
DA:28,1
DA:29,3
DA:31,2
DA:32,2
DA:36,1
DA:37,1
DA:38,2
DA:39,2
DA:40,1
DA:41,0
DA:43,1
LF:19
LH:18
end_of_record
SF:lib/model/login_req.dart
DA:7,1
DA:12,0
DA:13,0
DA:15,0
LF:4
LH:1
end_of_record
SF:lib/model/login_req.g.dart
DA:9,0
DA:10,0
DA:11,0
DA:14,0
DA:15,0
DA:16,0
LF:6
LH:0
end_of_record
SF:lib/model/login_res.dart
DA:7,2
DA:13,1
DA:14,1
DA:16,2
LF:4
LH:4
end_of_record
SF:lib/model/login_res.g.dart
DA:9,2
DA:10,1
DA:11,1
DA:12,1
DA:15,2
DA:16,1
DA:17,1
DA:18,1
LF:8
LH:8
end_of_record
SF:lib/api/base_dio.dart
DA:9,0
DA:11,0
DA:12,0
DA:15,0
DA:21,3
DA:23,1
DA:24,1
DA:27,1
DA:29,1
DA:30,1
DA:31,2
DA:34,3
DA:46,0
DA:48,0
DA:49,0
DA:50,0
DA:51,0
DA:53,0
DA:54,0
DA:55,0
DA:56,0
DA:57,0
DA:58,0
DA:59,0
DA:60,0
DA:61,0
DA:62,0
DA:63,0
DA:64,0
DA:66,0
DA:67,0
DA:68,0
DA:74,0
LF:33
LH:8
end_of_record
SF:lib/api/base_error.dart
DA:5,0
DA:9,0
DA:12,0
DA:17,0
DA:20,0
DA:25,0
DA:28,0
DA:33,0
DA:36,0
DA:41,0
DA:44,0
DA:49,0
DA:52,0
DA:60,0
DA:62,0
DA:63,0
DA:65,0
DA:66,0
LF:18
LH:0
end_of_record
SF:lib/main.dart
DA:9,0
DA:10,0
DA:11,0
DA:12,0
DA:18,0
DA:23,0
DA:24,0
DA:26,0
DA:27,0
DA:31,0
DA:32,0
DA:34,0
DA:41,0
DA:43,0
DA:50,0
DA:52,0
DA:62,3
DA:82,0
DA:83,0
DA:84,0
DA:85,0
DA:87,0
LF:22
LH:1
end_of_record
SF:lib/page/launch/launch_page.dart
DA:11,3
DA:13,0
DA:14,0
DA:18,0
DA:20,0
DA:22,0
DA:23,0
DA:24,0
DA:28,0
DA:29,0
DA:34,0
DA:36,0
LF:12
LH:1
end_of_record
SF:lib/page/login/view/login_page.dart
DA:16,4
DA:18,1
DA:20,1
DA:26,1
DA:28,1
DA:35,2
DA:43,1
DA:45,2
DA:46,0
DA:47,0
DA:49,0
DA:50,0
DA:51,0
DA:52,0
DA:56,2
DA:57,0
DA:58,0
DA:61,0
DA:62,0
DA:63,0
DA:64,0
DA:66,0
DA:71,1
DA:73,1
DA:81,1
DA:82,1
DA:84,1
DA:85,1
DA:86,4
DA:87,2
DA:88,2
DA:92,2
DA:96,1
DA:98,1
DA:107,1
DA:110,1
DA:112,2
DA:121,1
DA:123,1
DA:124,1
DA:125,0
DA:126,0
DA:137,1
DA:138,0
DA:139,0
DA:159,1
DA:160,2
DA:161,2
DA:166,4
DA:167,4
DA:189,0
DA:190,0
DA:192,0
DA:193,0
DA:194,0
DA:196,0
DA:202,0
DA:205,0
DA:208,0
DA:213,2
DA:217,1
DA:219,1
DA:220,1
DA:221,1
DA:223,5
DA:225,1
DA:226,1
DA:229,2
DA:230,1
DA:231,1
DA:245,1
DA:246,1
DA:248,2
DA:249,4
DA:250,1
DA:251,0
DA:252,0
DA:253,0
DA:266,2
DA:270,1
DA:272,1
DA:273,1
DA:274,1
DA:276,5
DA:280,4
DA:281,1
DA:282,1
DA:286,2
DA:287,1
DA:288,1
DA:290,1
DA:292,1
DA:314,1
DA:315,1
DA:317,1
DA:319,0
DA:320,0
DA:321,2
DA:322,5
DA:328,1
DA:329,1
DA:331,2
DA:332,4
DA:333,1
DA:334,0
DA:335,0
DA:336,0
LF:107
LH:73
end_of_record
SF:lib/page/login/viewmodel/login_view_model.dart
DA:6,3
DA:10,0
DA:11,0
DA:12,0
DA:15,0
DA:20,2
DA:21,3
DA:23,4
DA:24,4
DA:26,4
DA:27,2
DA:28,1
DA:30,4
DA:31,2
DA:32,1
DA:35,4
DA:37,4
DA:38,2
DA:39,0
DA:41,4
DA:43,4
DA:44,2
DA:45,2
DA:46,2
DA:47,2
LF:25
LH:20
end_of_record
SF:lib/page/welcome/welcome_page.dart
DA:11,3
DA:13,0
DA:15,0
DA:21,0
DA:23,0
DA:24,0
DA:26,0
DA:34,0
DA:35,0
DA:36,0
DA:52,3
DA:54,0
DA:55,0
DA:59,0
DA:61,0
DA:62,0
DA:72,0
DA:73,0
DA:74,0
DA:75,0
DA:78,0
DA:79,0
DA:81,0
LF:23
LH:2
end_of_record
SF:lib/utils/helper.dart
DA:9,0
DA:10,0
DA:11,0
DA:14,0
DA:15,0
DA:16,0
DA:19,0
DA:25,0
DA:26,0
DA:29,0
DA:30,0
DA:37,0
DA:38,0
DA:39,0
DA:40,0
DA:41,0
DA:42,0
DA:47,0
DA:49,0
DA:51,0
DA:52,0
DA:55,0
DA:56,0
DA:57,0
DA:58,0
DA:64,0
DA:66,0
LF:27
LH:0
end_of_record
SF:lib/repository/login_repository.dart
DA:7,0
DA:10,0
DA:14,0
DA:16,0
LF:4
LH:0
end_of_record
